.IFJcode24
DEFVAR GF@op1
DEFVAR GF@op2
DEFVAR GF@result
JUMP main
LABEL main
CREATEFRAME
PUSHFRAME
DEFVAR LF@a
PUSHS int@1
POPS LF@a
PUSHS LF@a
PUSHS int@1
GTS
PUSHS bool@true
JUMPIFNEQS else1
PUSHS int@1
POPS LF@a
PUSHS int@5
PUSHS int@4
EQS
PUSHS bool@true
JUMPIFNEQS else2
DEFVAR LF@c
PUSHS int@9
POPS LF@c
PUSHS LF@c
POPS LF@c
JUMP elseEnd2
LABEL else2
LABEL elseEnd2
PUSHS int@6
POPS LF@c
JUMP elseEnd1
LABEL else1
PUSHS LF@a
POPS LF@a
PUSHS int@1
PUSHS int@1
EQS
PUSHS bool@true
JUMPIFNEQS else3
DEFVAR LF@b
PUSHS int@1
POPS LF@b
PUSHS LF@b
POPS LF@b
JUMP elseEnd3
LABEL else3
LABEL elseEnd3
LABEL elseEnd1
PUSHS LF@a
PUSHS LF@a
EQS
PUSHS bool@true
JUMPIFNEQS else4
JUMP elseEnd4
LABEL else4
LABEL whileBegin1
PUSHS LF@a
PUSHS bool@false
JUMPIFEQS whileEnd1
DEFVAR LF@g
PUSHS int@3
POPS LF@g
PUSHS LF@g
POPS LF@g
PUSHS LF@g
PUSHS int@3
EQS
PUSHS bool@true
JUMPIFNEQS else5
DEFVAR LF@t
PUSHS int@7
POPS LF@t
PUSHS LF@t
POPS LF@t
JUMP elseEnd5
LABEL else5
LABEL whileBegin2
PUSHS LF@g
PUSHS bool@false
JUMPIFEQS whileEnd2
DEFVAR LF@p
PUSHS int@1
POPS LF@p
JUMP whileBegin2
LABEL whileEnd2
PUSHS LF@p
POPS LF@p
LABEL elseEnd5
JUMP whileBegin1
LABEL whileEnd1
LABEL elseEnd4
POPFRAME
EXIT int@0
